E:\学习—大三下\编译原理实验\PROJECT1\PROJECT1\DEBUG\MAIN.OBJ
E:\学习—大三下\编译原理实验\PROJECT1\PROJECT1\DEBUG\SCANER.OBJ
E:\学习—大三下\编译原理实验\PROJECT1\PROJECT1\DEBUG\VC110.PDB
E:\学习—大三下\编译原理实验\PROJECT1\PROJECT1\DEBUG\SCANNER.OBJ
E:\学习—大三下\编译原理实验\PROJECT1\PROJECT1\DEBUG\SYNANALYSIS.OBJ
E:\学习—大三下\编译原理实验\PROJECT1\DEBUG\PROJECT1.ILK
E:\学习—大三下\编译原理实验\PROJECT1\DEBUG\PROJECT1.EXE
E:\学习—大三下\编译原理实验\PROJECT1\DEBUG\PROJECT1.PDB
E:\学习—大三下\编译原理实验\Project1\Project1\Debug\main.obj
E:\学习—大三下\编译原理实验\Project1\Project1\Debug\scaner.obj
E:\学习—大三下\编译原理实验\Project1\Project1\Debug\scanner.obj
E:\学习—大三下\编译原理实验\Project1\Project1\Debug\SynAnalysis.obj
E:\学习—大三下\编译原理实验\Project1\Project1\Debug\cl.command.1.tlog
E:\学习—大三下\编译原理实验\Project1\Project1\Debug\CL.read.1.tlog
E:\学习—大三下\编译原理实验\Project1\Project1\Debug\CL.write.1.tlog
E:\学习—大三下\编译原理实验\Project1\Project1\Debug\link-cvtres.read.1.tlog
E:\学习—大三下\编译原理实验\Project1\Project1\Debug\link-cvtres.write.1.tlog
E:\学习—大三下\编译原理实验\Project1\Project1\Debug\link-rc.read.1.tlog
E:\学习—大三下\编译原理实验\Project1\Project1\Debug\link-rc.write.1.tlog
E:\学习—大三下\编译原理实验\Project1\Project1\Debug\link.13572-cvtres.read.1.tlog
E:\学习—大三下\编译原理实验\Project1\Project1\Debug\link.13572-cvtres.write.1.tlog
E:\学习—大三下\编译原理实验\Project1\Project1\Debug\link.13572-rc.read.1.tlog
E:\学习—大三下\编译原理实验\Project1\Project1\Debug\link.13572-rc.write.1.tlog
E:\学习—大三下\编译原理实验\Project1\Project1\Debug\link.13572.read.1.tlog
E:\学习—大三下\编译原理实验\Project1\Project1\Debug\link.13572.write.1.tlog
E:\学习—大三下\编译原理实验\Project1\Project1\Debug\link.1496-cvtres.read.1.tlog
E:\学习—大三下\编译原理实验\Project1\Project1\Debug\link.1496-cvtres.write.1.tlog
E:\学习—大三下\编译原理实验\Project1\Project1\Debug\link.1496-rc.read.1.tlog
E:\学习—大三下\编译原理实验\Project1\Project1\Debug\link.1496-rc.write.1.tlog
E:\学习—大三下\编译原理实验\Project1\Project1\Debug\link.1496.read.1.tlog
E:\学习—大三下\编译原理实验\Project1\Project1\Debug\link.1496.write.1.tlog
E:\学习—大三下\编译原理实验\Project1\Project1\Debug\link.9240-cvtres.read.1.tlog
E:\学习—大三下\编译原理实验\Project1\Project1\Debug\link.9240-cvtres.write.1.tlog
E:\学习—大三下\编译原理实验\Project1\Project1\Debug\link.9240-rc.read.1.tlog
E:\学习—大三下\编译原理实验\Project1\Project1\Debug\link.9240-rc.write.1.tlog
E:\学习—大三下\编译原理实验\Project1\Project1\Debug\link.9240.read.1.tlog
E:\学习—大三下\编译原理实验\Project1\Project1\Debug\link.9240.write.1.tlog
E:\学习—大三下\编译原理实验\Project1\Project1\Debug\link.command.1.tlog
E:\学习—大三下\编译原理实验\Project1\Project1\Debug\link.read.1.tlog
E:\学习—大三下\编译原理实验\Project1\Project1\Debug\link.write.1.tlog
E:\学习—大三下\编译原理实验\Project1\Project1\Debug\vc110.idb
E:\学习—大三下\编译原理实验\Project1\Project1\Debug\vc110.pdb
E:\学习—大三下\编译原理实验\Project1\Debug\Project1.pdb
E:\学习—大三下\编译原理实验\Project1\Debug\Project1.exe
E:\学习—大三下\编译原理实验\Project1\Debug\Project1.ilk
